<?xml version="1.0" encoding="UTF-8"?>
<!-- Generated by org.testng.reporters.JUnitReportReporter -->
<testsuite hostname="OBLIVION" failures="0" tests="1" name="uk.co.automationtesting.OrderCompleteTest" time="20.994" errors="0" timestamp="2024-05-21T16:12:21 IST" skipped="0">
  <testcase classname="uk.co.automationtesting.OrderCompleteTest" name="endToEndTest" time="20.994"/>
</testsuite> <!-- uk.co.automationtesting.OrderCompleteTest -->
